# JRE version: Java(TM) SE Runtime Environment (8.0_201-b09) (build 1.8.0_201-b09)
# Java VM: Java HotSpot(TM) 64-Bit Server VM (25.201-b09 mixed mode linux-amd64 compressed oops)
Heap:
 garbage-first heap   total 387072K, used 124756K [0x00000000c0000000, 0x00000000c0100bd0, 0x0000000100000000)
  region size 1024K, 9 young (9216K), 9 survivors (9216K)
 Metaspace       used 47446K, capacity 50072K, committed 50176K, reserved 1093632K
  class space    used 5047K, capacity 5806K, committed 5888K, reserved 1048576K
GC Heap History (10 events):
Event: 15.509 GC heap after
Heap after GC invocations=24 (full 0):
 garbage-first heap   total 110592K, used 89900K [0x00000000c0000000, 0x00000000c0100360, 0x0000000100000000)
  region size 1024K, 2 young (2048K), 2 survivors (2048K)
 Metaspace       used 43559K, capacity 46080K, committed 46208K, reserved 1089536K
  class space    used 4698K, capacity 5454K, committed 5504K, reserved 1048576K
}
Event: 15.520 GC heap before
{Heap before GC invocations=24 (full 0):
 garbage-first heap   total 110592K, used 95020K [0x00000000c0000000, 0x00000000c0100360, 0x0000000100000000)
  region size 1024K, 7 young (7168K), 2 survivors (2048K)
 Metaspace       used 43559K, capacity 46080K, committed 46208K, reserved 1089536K
  class space    used 4698K, capacity 5454K, committed 5504K, reserved 1048576K
Event: 15.534 GC heap after
Heap after GC invocations=25 (full 0):
 garbage-first heap   total 110592K, used 92460K [0x00000000c0000000, 0x00000000c0100360, 0x0000000100000000)
  region size 1024K, 1 young (1024K), 1 survivors (1024K)
 Metaspace       used 43559K, capacity 46080K, committed 46208K, reserved 1089536K
  class space    used 4698K, capacity 5454K, committed 5504K, reserved 1048576K
}
Event: 15.543 GC heap before
{Heap before GC invocations=25 (full 0):
 garbage-first heap   total 110592K, used 96556K [0x00000000c0000000, 0x00000000c0100360, 0x0000000100000000)
  region size 1024K, 5 young (5120K), 1 survivors (1024K)
 Metaspace       used 43559K, capacity 46080K, committed 46208K, reserved 1089536K
  class space    used 4698K, capacity 5454K, committed 5504K, reserved 1048576K
Event: 15.555 GC heap after
Heap after GC invocations=26 (full 0):
 garbage-first heap   total 110592K, used 95532K [0x00000000c0000000, 0x00000000c0100360, 0x0000000100000000)
  region size 1024K, 1 young (1024K), 1 survivors (1024K)
 Metaspace       used 43559K, capacity 46080K, committed 46208K, reserved 1089536K
  class space    used 4698K, capacity 5454K, committed 5504K, reserved 1048576K
}
Event: 15.563 GC heap before
{Heap before GC invocations=26 (full 0):
 garbage-first heap   total 110592K, used 99628K [0x00000000c0000000, 0x00000000c0100360, 0x0000000100000000)
  region size 1024K, 5 young (5120K), 1 survivors (1024K)
 Metaspace       used 43559K, capacity 46080K, committed 46208K, reserved 1089536K
  class space    used 4698K, capacity 5454K, committed 5504K, reserved 1048576K
Event: 15.583 GC heap after
Heap after GC invocations=27 (full 0):
 garbage-first heap   total 110592K, used 98464K [0x00000000c0000000, 0x00000000c0100360, 0x0000000100000000)
  region size 1024K, 1 young (1024K), 1 survivors (1024K)
 Metaspace       used 43559K, capacity 46080K, committed 46208K, reserved 1089536K
  class space    used 4698K, capacity 5454K, committed 5504K, reserved 1048576K
}
Event: 15.592 GC heap before
{Heap before GC invocations=27 (full 0):
 garbage-first heap   total 110592K, used 102560K [0x00000000c0000000, 0x00000000c0100360, 0x0000000100000000)
  region size 1024K, 5 young (5120K), 1 survivors (1024K)
 Metaspace       used 43570K, capacity 46098K, committed 46208K, reserved 1089536K
  class space    used 4701K, capacity 5459K, committed 5504K, reserved 1048576K
Event: 15.616 GC heap after
Heap after GC invocations=28 (full 0):
 garbage-first heap   total 221184K, used 100979K [0x00000000c0000000, 0x00000000c01006c0, 0x0000000100000000)
  region size 1024K, 1 young (1024K), 1 survivors (1024K)
 Metaspace       used 43570K, capacity 46098K, committed 46208K, reserved 1089536K
  class space    used 4701K, capacity 5459K, committed 5504K, reserved 1048576K
}
Event: 37.822 GC heap before
{Heap before GC invocations=29 (full 0):
 garbage-first heap   total 221184K, used 170099K [0x00000000c0000000, 0x00000000c01006c0, 0x0000000100000000)
  region size 1024K, 70 young (71680K), 1 survivors (1024K)
 Metaspace       used 47446K, capacity 50072K, committed 50176K, reserved 1093632K
  class space    used 5047K, capacity 5806K, committed 5888K, reserved 1048576K

